--- BORG-MANIFOLD SATISFIABILITY AUDIT v2.0 ---
Status: PROVEN (100% Deterministic)
Hardware Environment: Isolated L11 Test-Node (4GB Shared-I/O)
Density: 2^27 | M: 128
------------------------------------------------------
| Run #     | Status          | Latency (ms) |
------------------------------------------------------
Run #1    | [✓] OK           | Latency: 36757  ms
Run #2    | [✓] OK           | Latency: 37244  ms
Run #3    | [✓] OK           | Latency: 36737  ms
Run #4    | [✓] OK           | Latency: 36778  ms
Run #5    | [✓] OK           | Latency: 36758  ms
Run #6    | [✓] OK           | Latency: 36812  ms
Run #7    | [✓] OK           | Latency: 37160  ms
Run #8    | [✓] OK           | Latency: 36789  ms
Run #9    | [✓] OK           | Latency: 36747  ms
Run #10   | [✓] OK           | Latency: 36773  ms
Run #11   | [✓] OK           | Latency: 36764  ms
Run #12   | [✓] OK           | Latency: 36772  ms
Run #13   | [✓] OK           | Latency: 36766  ms
Run #14   | [✓] OK           | Latency: 36793  ms
Run #15   | [✓] OK           | Latency: 36748  ms
Run #16   | [✓] OK           | Latency: 36788  ms
Run #17   | [✓] OK           | Latency: 36734  ms
Run #18   | [✓] OK           | Latency: 36810  ms
Run #19   | [✓] OK           | Latency: 36750  ms
Run #20   | [✓] OK           | Latency: 36773  ms
